<?xml version="1.0" encoding="UTF-8"?>
<!-- Generated by org.testng.reporters.JUnitReportReporter -->
<testsuite hostname="DESKTOP-MENTDI6" failures="0" tests="1" name="tests.Fblogintest" time="1.463" errors="0" timestamp="2023-04-06T10:18:38 IST" skipped="0">
  <testcase classname="tests.Fblogintest" name="testlogin" time="1.463"/>
  <system-out/>
</testsuite> <!-- tests.Fblogintest -->
