<?xml version="1.0" encoding="UTF-8"?>
<!-- Generated by org.testng.reporters.JUnitReportReporter -->
<testsuite hostname="DESKTOP-MENTDI6" failures="0" tests="1" name="mavenproject.Siteloding" time="7.209" errors="0" timestamp="2023-04-08T11:16:43 IST" skipped="0">
  <testcase classname="mavenproject.Siteloding" name="test1" time="7.209"/>
  <system-out/>
</testsuite> <!-- mavenproject.Siteloding -->
