<?xml version="1.0" encoding="UTF-8"?>
<!-- Generated by org.testng.reporters.JUnitReportReporter -->
<testsuite hostname="DESKTOP-MENTDI6" failures="0" tests="1" name="tests.Createpagetest" time="4.528" errors="0" timestamp="2023-04-06T10:18:38 IST" skipped="0">
  <testcase classname="tests.Createpagetest" name="testlogin" time="4.528"/>
  <system-out/>
</testsuite> <!-- tests.Createpagetest -->
